DEBUG:urllib3.connectionpool:Starting new HTTPS connection (1): www.comcast.com:443
DEBUG:urllib3.connectionpool:https://www.comcast.com:443 "GET / HTTP/1.1" 301 0
DEBUG:urllib3.connectionpool:Starting new HTTPS connection (1): www.xfinity.com:443
DEBUG:urllib3.connectionpool:https://www.xfinity.com:443 "GET / HTTP/1.1" 403 264
INFO:root:Got response (403, 'Forbidden', 'Forbidden to access')
DEBUG:urllib3.connectionpool:Starting new HTTPS connection (1): www.comcast.com:443
DEBUG:urllib3.connectionpool:https://www.comcast.com:443 "GET / HTTP/1.1" 301 0
DEBUG:urllib3.connectionpool:Starting new HTTPS connection (1): www.xfinity.com:443
DEBUG:urllib3.connectionpool:https://www.xfinity.com:443 "GET / HTTP/1.1" 403 264
DEBUG:urllib3.connectionpool:Starting new HTTPS connection (1): www.comcast.com:443
DEBUG:urllib3.connectionpool:https://www.comcast.com:443 "GET / HTTP/1.1" 301 0
DEBUG:urllib3.connectionpool:Starting new HTTPS connection (1): www.xfinity.com:443
DEBUG:urllib3.connectionpool:https://www.xfinity.com:443 "GET / HTTP/1.1" 403 264
DEBUG:urllib3.connectionpool:Starting new HTTPS connection (1): www.comcast.com:443
DEBUG:urllib3.connectionpool:https://www.comcast.com:443 "GET / HTTP/1.1" 301 0
DEBUG:urllib3.connectionpool:Starting new HTTPS connection (1): www.xfinity.com:443
DEBUG:urllib3.connectionpool:https://www.xfinity.com:443 "GET / HTTP/1.1" 403 264
DEBUG:urllib3.connectionpool:Starting new HTTPS connection (1): www.comcast.com:443
DEBUG:urllib3.connectionpool:https://www.comcast.com:443 "GET / HTTP/1.1" 301 0
DEBUG:urllib3.connectionpool:Starting new HTTPS connection (1): www.xfinity.com:443
DEBUG:urllib3.connectionpool:https://www.xfinity.com:443 "GET / HTTP/1.1" 403 264
DEBUG:urllib3.connectionpool:Starting new HTTPS connection (1): www.comcast.com:443
DEBUG:urllib3.connectionpool:https://www.comcast.com:443 "GET / HTTP/1.1" 301 0
DEBUG:urllib3.connectionpool:Starting new HTTPS connection (1): www.xfinity.com:443
DEBUG:urllib3.connectionpool:https://www.xfinity.com:443 "GET / HTTP/1.1" 403 264
DEBUG:urllib3.connectionpool:Starting new HTTPS connection (1): www.comcast.com:443
DEBUG:urllib3.connectionpool:https://www.comcast.com:443 "GET / HTTP/1.1" 301 0
DEBUG:urllib3.connectionpool:Starting new HTTPS connection (1): www.xfinity.com:443
DEBUG:urllib3.connectionpool:https://www.xfinity.com:443 "GET / HTTP/1.1" 403 264
DEBUG:urllib3.connectionpool:Starting new HTTPS connection (1): www.comcast.com:443
DEBUG:urllib3.connectionpool:https://www.comcast.com:443 "GET / HTTP/1.1" 301 0
DEBUG:urllib3.connectionpool:Starting new HTTPS connection (1): www.xfinity.com:443
DEBUG:urllib3.connectionpool:https://www.xfinity.com:443 "GET / HTTP/1.1" 403 264
